CRITICAL - 2022-06-15 03:04:49 --> Invalid file: contact.php
in SYSTEMPATH\Exceptions\FrameworkException.php on line 33.
 1 SYSTEMPATH\View\View.php(201): CodeIgniter\Exceptions\FrameworkException::forInvalidFile('contact.php')
 2 SYSTEMPATH\Common.php(1135): CodeIgniter\View\View->render('contact', [], true)
 3 APPPATH\Controllers\Page.php(14): view('contact')
 4 SYSTEMPATH\CodeIgniter.php(898): App\Controllers\Page->contact()
 5 SYSTEMPATH\CodeIgniter.php(468): CodeIgniter\CodeIgniter->runController(Object(App\Controllers\Page))
 6 SYSTEMPATH\CodeIgniter.php(351): CodeIgniter\CodeIgniter->handleRequest(null, Object(Config\Cache), false)
 7 FCPATH\index.php(56): CodeIgniter\CodeIgniter->run()
CRITICAL - 2022-06-15 03:04:54 --> Invalid file: contact.php
in SYSTEMPATH\Exceptions\FrameworkException.php on line 33.
 1 SYSTEMPATH\View\View.php(201): CodeIgniter\Exceptions\FrameworkException::forInvalidFile('contact.php')
 2 SYSTEMPATH\Common.php(1135): CodeIgniter\View\View->render('contact', [], true)
 3 APPPATH\Controllers\Page.php(14): view('contact')
 4 SYSTEMPATH\CodeIgniter.php(898): App\Controllers\Page->contact()
 5 SYSTEMPATH\CodeIgniter.php(468): CodeIgniter\CodeIgniter->runController(Object(App\Controllers\Page))
 6 SYSTEMPATH\CodeIgniter.php(351): CodeIgniter\CodeIgniter->handleRequest(null, Object(Config\Cache), false)
 7 FCPATH\index.php(56): CodeIgniter\CodeIgniter->run()
CRITICAL - 2022-06-15 03:13:04 --> Invalid file: faqs.php
in SYSTEMPATH\Exceptions\FrameworkException.php on line 33.
 1 SYSTEMPATH\View\View.php(201): CodeIgniter\Exceptions\FrameworkException::forInvalidFile('faqs.php')
 2 SYSTEMPATH\Common.php(1135): CodeIgniter\View\View->render('faqs', [], true)
 3 APPPATH\Controllers\Page.php(19): view('faqs')
 4 SYSTEMPATH\CodeIgniter.php(898): App\Controllers\Page->faqs()
 5 SYSTEMPATH\CodeIgniter.php(468): CodeIgniter\CodeIgniter->runController(Object(App\Controllers\Page))
 6 SYSTEMPATH\CodeIgniter.php(351): CodeIgniter\CodeIgniter->handleRequest(null, Object(Config\Cache), false)
 7 FCPATH\index.php(56): CodeIgniter\CodeIgniter->run()
ERROR - 2022-06-15 21:56:23 --> Error connecting to the database: Access denied for user ''@'localhost' (using password: NO)
