CRITICAL - 2022-06-23 08:31:14 --> Undefined property: App\Controllers\Home::$load
in APPPATH\Controllers\Home.php on line 21.
 1 APPPATH\Controllers\Home.php(21): CodeIgniter\Debug\Exceptions->errorHandler(8, 'Undefined property: App\\Controllers\\Home::$load', 'APPPATH\\Controllers\\Home.php', 21, [...])
 2 SYSTEMPATH\CodeIgniter.php(898): App\Controllers\Home->uploadCkeditor()
 3 SYSTEMPATH\CodeIgniter.php(468): CodeIgniter\CodeIgniter->runController(Object(App\Controllers\Home))
 4 SYSTEMPATH\CodeIgniter.php(351): CodeIgniter\CodeIgniter->handleRequest(null, Object(Config\Cache), false)
 5 FCPATH\index.php(56): CodeIgniter\CodeIgniter->run()
CRITICAL - 2022-06-23 08:33:06 --> Undefined property: App\Controllers\Home::$load
in APPPATH\Controllers\Home.php on line 22.
 1 APPPATH\Controllers\Home.php(22): CodeIgniter\Debug\Exceptions->errorHandler(8, 'Undefined property: App\\Controllers\\Home::$load', 'APPPATH\\Controllers\\Home.php', 22, [...])
 2 SYSTEMPATH\CodeIgniter.php(898): App\Controllers\Home->uploadCkeditor()
 3 SYSTEMPATH\CodeIgniter.php(468): CodeIgniter\CodeIgniter->runController(Object(App\Controllers\Home))
 4 SYSTEMPATH\CodeIgniter.php(351): CodeIgniter\CodeIgniter->handleRequest(null, Object(Config\Cache), false)
 5 FCPATH\index.php(56): CodeIgniter\CodeIgniter->run()
CRITICAL - 2022-06-23 08:33:43 --> Undefined property: App\Controllers\Home::$load
in APPPATH\Controllers\Home.php on line 22.
 1 APPPATH\Controllers\Home.php(22): CodeIgniter\Debug\Exceptions->errorHandler(8, 'Undefined property: App\\Controllers\\Home::$load', 'APPPATH\\Controllers\\Home.php', 22, [...])
 2 SYSTEMPATH\CodeIgniter.php(898): App\Controllers\Home->uploadCkeditor()
 3 SYSTEMPATH\CodeIgniter.php(468): CodeIgniter\CodeIgniter->runController(Object(App\Controllers\Home))
 4 SYSTEMPATH\CodeIgniter.php(351): CodeIgniter\CodeIgniter->handleRequest(null, Object(Config\Cache), false)
 5 FCPATH\index.php(56): CodeIgniter\CodeIgniter->run()
CRITICAL - 2022-06-23 11:44:13 --> Undefined index: content
in APPPATH\Controllers\Home.php on line 15.
 1 APPPATH\Controllers\Home.php(15): CodeIgniter\Debug\Exceptions->errorHandler(8, 'Undefined index: content', 'APPPATH\\Controllers\\Home.php', 15, [])
 2 SYSTEMPATH\CodeIgniter.php(898): App\Controllers\Home->uploadImage()
 3 SYSTEMPATH\CodeIgniter.php(468): CodeIgniter\CodeIgniter->runController(Object(App\Controllers\Home))
 4 SYSTEMPATH\CodeIgniter.php(351): CodeIgniter\CodeIgniter->handleRequest(null, Object(Config\Cache), false)
 5 FCPATH\index.php(56): CodeIgniter\CodeIgniter->run()
CRITICAL - 2022-06-23 13:25:14 --> Too few arguments to function App\Controllers\Home::uploadImage(), 0 passed in D:\xampp\htdocs\ci4_new\system\CodeIgniter.php on line 898 and exactly 1 expected
in APPPATH\Controllers\Home.php on line 12.
 1 SYSTEMPATH\CodeIgniter.php(898): App\Controllers\Home->uploadImage()
 2 SYSTEMPATH\CodeIgniter.php(468): CodeIgniter\CodeIgniter->runController(Object(App\Controllers\Home))
 3 SYSTEMPATH\CodeIgniter.php(351): CodeIgniter\CodeIgniter->handleRequest(null, Object(Config\Cache), false)
 4 FCPATH\index.php(56): CodeIgniter\CodeIgniter->run()
CRITICAL - 2022-06-23 13:27:30 --> Too few arguments to function App\Controllers\Home::uploadImage(), 0 passed in D:\xampp\htdocs\ci4_new\system\CodeIgniter.php on line 898 and exactly 1 expected
in APPPATH\Controllers\Home.php on line 12.
 1 SYSTEMPATH\CodeIgniter.php(898): App\Controllers\Home->uploadImage()
 2 SYSTEMPATH\CodeIgniter.php(468): CodeIgniter\CodeIgniter->runController(Object(App\Controllers\Home))
 3 SYSTEMPATH\CodeIgniter.php(351): CodeIgniter\CodeIgniter->handleRequest(null, Object(Config\Cache), false)
 4 FCPATH\index.php(56): CodeIgniter\CodeIgniter->run()
