CRITICAL - 2022-06-16 10:45:57 --> Class 'App\Controllers\NewsModel' not found
in APPPATH\Controllers\News.php on line 7.
 1 SYSTEMPATH\CodeIgniter.php(898): App\Controllers\News->index()
 2 SYSTEMPATH\CodeIgniter.php(468): CodeIgniter\CodeIgniter->runController(Object(App\Controllers\News))
 3 SYSTEMPATH\CodeIgniter.php(351): CodeIgniter\CodeIgniter->handleRequest(null, Object(Config\Cache), false)
 4 FCPATH\index.php(56): CodeIgniter\CodeIgniter->run()
CRITICAL - 2022-06-16 10:46:11 --> Class 'App\Controllers\NewsModel' not found
in APPPATH\Controllers\News.php on line 7.
 1 SYSTEMPATH\CodeIgniter.php(898): App\Controllers\News->index()
 2 SYSTEMPATH\CodeIgniter.php(468): CodeIgniter\CodeIgniter->runController(Object(App\Controllers\News))
 3 SYSTEMPATH\CodeIgniter.php(351): CodeIgniter\CodeIgniter->handleRequest(null, Object(Config\Cache), false)
 4 FCPATH\index.php(56): CodeIgniter\CodeIgniter->run()
CRITICAL - 2022-06-16 10:46:21 --> Class 'App\Controllers\NewsModel' not found
in APPPATH\Controllers\News.php on line 7.
 1 SYSTEMPATH\CodeIgniter.php(898): App\Controllers\News->index()
 2 SYSTEMPATH\CodeIgniter.php(468): CodeIgniter\CodeIgniter->runController(Object(App\Controllers\News))
 3 SYSTEMPATH\CodeIgniter.php(351): CodeIgniter\CodeIgniter->handleRequest(null, Object(Config\Cache), false)
 4 FCPATH\index.php(56): CodeIgniter\CodeIgniter->run()
CRITICAL - 2022-06-16 10:46:44 --> Invalid argument supplied for foreach()
in APPPATH\Views\news.php on line 6.
 1 APPPATH\Views\news.php(6): CodeIgniter\Debug\Exceptions->errorHandler(2, 'Invalid argument supplied for foreach()', 'APPPATH\\Views\\news.php', 6, [])
 2 SYSTEMPATH\View\View.php(213): include('APPPATH\\Views\\news.php')
 3 SYSTEMPATH\View\View.php(216): CodeIgniter\View\View->CodeIgniter\View\{closure}()
 4 SYSTEMPATH\Common.php(1135): CodeIgniter\View\View->render('news', [], true)
 5 APPPATH\Controllers\News.php(9): view('news')
 6 SYSTEMPATH\CodeIgniter.php(898): App\Controllers\News->index()
 7 SYSTEMPATH\CodeIgniter.php(468): CodeIgniter\CodeIgniter->runController(Object(App\Controllers\News))
 8 SYSTEMPATH\CodeIgniter.php(351): CodeIgniter\CodeIgniter->handleRequest(null, Object(Config\Cache), false)
 9 FCPATH\index.php(56): CodeIgniter\CodeIgniter->run()
CRITICAL - 2022-06-16 10:47:18 --> Class 'App\Controllers\NewsModel' not found
in APPPATH\Controllers\News.php on line 7.
 1 SYSTEMPATH\CodeIgniter.php(898): App\Controllers\News->index()
 2 SYSTEMPATH\CodeIgniter.php(468): CodeIgniter\CodeIgniter->runController(Object(App\Controllers\News))
 3 SYSTEMPATH\CodeIgniter.php(351): CodeIgniter\CodeIgniter->handleRequest(null, Object(Config\Cache), false)
 4 FCPATH\index.php(56): CodeIgniter\CodeIgniter->run()
CRITICAL - 2022-06-16 10:47:25 --> Class 'App\Controllers\NewsModel' not found
in APPPATH\Controllers\News.php on line 7.
 1 SYSTEMPATH\CodeIgniter.php(898): App\Controllers\News->index()
 2 SYSTEMPATH\CodeIgniter.php(468): CodeIgniter\CodeIgniter->runController(Object(App\Controllers\News))
 3 SYSTEMPATH\CodeIgniter.php(351): CodeIgniter\CodeIgniter->handleRequest(null, Object(Config\Cache), false)
 4 FCPATH\index.php(56): CodeIgniter\CodeIgniter->run()
CRITICAL - 2022-06-16 10:49:03 --> Class 'App\Controllers\NewsModel' not found
in APPPATH\Controllers\News.php on line 7.
 1 SYSTEMPATH\CodeIgniter.php(898): App\Controllers\News->index()
 2 SYSTEMPATH\CodeIgniter.php(468): CodeIgniter\CodeIgniter->runController(Object(App\Controllers\News))
 3 SYSTEMPATH\CodeIgniter.php(351): CodeIgniter\CodeIgniter->handleRequest(null, Object(Config\Cache), false)
 4 FCPATH\index.php(56): CodeIgniter\CodeIgniter->run()
CRITICAL - 2022-06-16 10:50:44 --> Undefined variable: newses
in APPPATH\Views\news.php on line 6.
 1 APPPATH\Views\news.php(6): CodeIgniter\Debug\Exceptions->errorHandler(8, 'Undefined variable: newses', 'APPPATH\\Views\\news.php', 6, [])
 2 SYSTEMPATH\View\View.php(213): include('APPPATH\\Views\\news.php')
 3 SYSTEMPATH\View\View.php(216): CodeIgniter\View\View->CodeIgniter\View\{closure}()
 4 SYSTEMPATH\Common.php(1135): CodeIgniter\View\View->render('news', [], true)
 5 APPPATH\Controllers\News.php(12): view('news')
 6 SYSTEMPATH\CodeIgniter.php(898): App\Controllers\News->index()
 7 SYSTEMPATH\CodeIgniter.php(468): CodeIgniter\CodeIgniter->runController(Object(App\Controllers\News))
 8 SYSTEMPATH\CodeIgniter.php(351): CodeIgniter\CodeIgniter->handleRequest(null, Object(Config\Cache), false)
 9 FCPATH\index.php(56): CodeIgniter\CodeIgniter->run()
